# JRE version: Java(TM) SE Runtime Environment (8.0_121-b13) (build 1.8.0_121-b13)
# Java VM: Java HotSpot(TM) 64-Bit Server VM (25.121-b13 mixed mode windows-amd64 compressed oops)
Heap:
 PSYoungGen      total 393216K, used 156294K [0x000000076b380000, 0x0000000785300000, 0x00000007c0000000)
  eden space 371712K, 36% used [0x000000076b380000,0x0000000773727118,0x0000000781e80000)
  from space 21504K, 99% used [0x0000000783780000,0x0000000784c7a810,0x0000000784c80000)
  to   space 25600K, 0% used [0x0000000781e80000,0x0000000781e80000,0x0000000783780000)
 ParOldGen       total 240128K, used 32849K [0x00000006c1a00000, 0x00000006d0480000, 0x000000076b380000)
  object space 240128K, 13% used [0x00000006c1a00000,0x00000006c3a14770,0x00000006d0480000)
 Metaspace       used 71432K, capacity 75694K, committed 75928K, reserved 1114112K
  class space    used 9847K, capacity 10577K, committed 10672K, reserved 1048576K
GC Heap History (10 events):
Event: 17.841 GC heap before
{Heap before GC invocations=13 (full 2):
 PSYoungGen      total 266752K, used 127770K [0x000000076b380000, 0x000000077cd00000, 0x00000007c0000000)
  eden space 252416K, 44% used [0x000000076b380000,0x0000000772249510,0x000000077aa00000)
  from space 14336K, 99% used [0x000000077bb00000,0x000000077c8fd668,0x000000077c900000)
  to   space 17408K, 0% used [0x000000077aa00000,0x000000077aa00000,0x000000077bb00000)
 ParOldGen       total 167424K, used 23429K [0x00000006c1a00000, 0x00000006cbd80000, 0x000000076b380000)
  object space 167424K, 13% used [0x00000006c1a00000,0x00000006c30e1700,0x00000006cbd80000)
 Metaspace       used 56125K, capacity 58996K, committed 59160K, reserved 1099776K
  class space    used 7618K, capacity 8128K, committed 8240K, reserved 1048576K
Event: 17.859 GC heap after
Heap after GC invocations=13 (full 2):
 PSYoungGen      total 269824K, used 17386K [0x000000076b380000, 0x0000000780d00000, 0x00000007c0000000)
  eden space 252416K, 0% used [0x000000076b380000,0x000000076b380000,0x000000077aa00000)
  from space 17408K, 99% used [0x000000077aa00000,0x000000077bafa888,0x000000077bb00000)
  to   space 19968K, 0% used [0x000000077f980000,0x000000077f980000,0x0000000780d00000)
 ParOldGen       total 167424K, used 24983K [0x00000006c1a00000, 0x00000006cbd80000, 0x000000076b380000)
  object space 167424K, 14% used [0x00000006c1a00000,0x00000006c3265f08,0x00000006cbd80000)
 Metaspace       used 56125K, capacity 58996K, committed 59160K, reserved 1099776K
  class space    used 7618K, capacity 8128K, committed 8240K, reserved 1048576K
}
Event: 17.859 GC heap before
{Heap before GC invocations=14 (full 3):
 PSYoungGen      total 269824K, used 17386K [0x000000076b380000, 0x0000000780d00000, 0x00000007c0000000)
  eden space 252416K, 0% used [0x000000076b380000,0x000000076b380000,0x000000077aa00000)
  from space 17408K, 99% used [0x000000077aa00000,0x000000077bafa888,0x000000077bb00000)
  to   space 19968K, 0% used [0x000000077f980000,0x000000077f980000,0x0000000780d00000)
 ParOldGen       total 167424K, used 24983K [0x00000006c1a00000, 0x00000006cbd80000, 0x000000076b380000)
  object space 167424K, 14% used [0x00000006c1a00000,0x00000006c3265f08,0x00000006cbd80000)
 Metaspace       used 56125K, capacity 58996K, committed 59160K, reserved 1099776K
  class space    used 7618K, capacity 8128K, committed 8240K, reserved 1048576K
Event: 18.019 GC heap after
Heap after GC invocations=14 (full 3):
 PSYoungGen      total 269824K, used 0K [0x000000076b380000, 0x0000000780d00000, 0x00000007c0000000)
  eden space 252416K, 0% used [0x000000076b380000,0x000000076b380000,0x000000077aa00000)
  from space 17408K, 0% used [0x000000077aa00000,0x000000077aa00000,0x000000077bb00000)
  to   space 19968K, 0% used [0x000000077f980000,0x000000077f980000,0x0000000780d00000)
 ParOldGen       total 240128K, used 29907K [0x00000006c1a00000, 0x00000006d0480000, 0x000000076b380000)
  object space 240128K, 12% used [0x00000006c1a00000,0x00000006c3734d50,0x00000006d0480000)
 Metaspace       used 56085K, capacity 58870K, committed 59160K, reserved 1099776K
  class space    used 7605K, capacity 8107K, committed 8240K, reserved 1048576K
}
Event: 20.427 GC heap before
{Heap before GC invocations=15 (full 3):
 PSYoungGen      total 269824K, used 252416K [0x000000076b380000, 0x0000000780d00000, 0x00000007c0000000)
  eden space 252416K, 100% used [0x000000076b380000,0x000000077aa00000,0x000000077aa00000)
  from space 17408K, 0% used [0x000000077aa00000,0x000000077aa00000,0x000000077bb00000)
  to   space 19968K, 0% used [0x000000077f980000,0x000000077f980000,0x0000000780d00000)
 ParOldGen       total 240128K, used 29913K [0x00000006c1a00000, 0x00000006d0480000, 0x000000076b380000)
  object space 240128K, 12% used [0x00000006c1a00000,0x00000006c3736418,0x00000006d0480000)
 Metaspace       used 63073K, capacity 66460K, committed 66712K, reserved 1107968K
  class space    used 8527K, capacity 9120K, committed 9136K, reserved 1048576K
Event: 20.439 GC heap after
Heap after GC invocations=15 (full 3):
 PSYoungGen      total 317952K, used 12911K [0x000000076b380000, 0x0000000780680000, 0x00000007c0000000)
  eden space 304640K, 0% used [0x000000076b380000,0x000000076b380000,0x000000077dd00000)
  from space 13312K, 96% used [0x000000077f980000,0x000000078061bf20,0x0000000780680000)
  to   space 19968K, 0% used [0x000000077df80000,0x000000077df80000,0x000000077f300000)
 ParOldGen       total 240128K, used 29985K [0x00000006c1a00000, 0x00000006d0480000, 0x000000076b380000)
  object space 240128K, 12% used [0x00000006c1a00000,0x00000006c3748428,0x00000006d0480000)
 Metaspace       used 63073K, capacity 66460K, committed 66712K, reserved 1107968K
  class space    used 8527K, capacity 9120K, committed 9136K, reserved 1048576K
}
Event: 22.176 GC heap before
{Heap before GC invocations=16 (full 3):
 PSYoungGen      total 317952K, used 317551K [0x000000076b380000, 0x0000000780680000, 0x00000007c0000000)
  eden space 304640K, 100% used [0x000000076b380000,0x000000077dd00000,0x000000077dd00000)
  from space 13312K, 96% used [0x000000077f980000,0x000000078061bf20,0x0000000780680000)
  to   space 19968K, 0% used [0x000000077df80000,0x000000077df80000,0x000000077f300000)
 ParOldGen       total 240128K, used 29985K [0x00000006c1a00000, 0x00000006d0480000, 0x000000076b380000)
  object space 240128K, 12% used [0x00000006c1a00000,0x00000006c3748428,0x00000006d0480000)
 Metaspace       used 65716K, capacity 69358K, committed 69528K, reserved 1110016K
  class space    used 8931K, capacity 9569K, committed 9648K, reserved 1048576K
Event: 22.196 GC heap after
Heap after GC invocations=16 (full 3):
 PSYoungGen      total 327168K, used 18011K [0x000000076b380000, 0x0000000784c80000, 0x00000007c0000000)
  eden space 307200K, 0% used [0x000000076b380000,0x000000076b380000,0x000000077df80000)
  from space 19968K, 90% used [0x000000077df80000,0x000000077f116cf8,0x000000077f300000)
  to   space 21504K, 0% used [0x0000000783780000,0x0000000783780000,0x0000000784c80000)
 ParOldGen       total 240128K, used 29993K [0x00000006c1a00000, 0x00000006d0480000, 0x000000076b380000)
  object space 240128K, 12% used [0x00000006c1a00000,0x00000006c374a428,0x00000006d0480000)
 Metaspace       used 65716K, capacity 69358K, committed 69528K, reserved 1110016K
  class space    used 8931K, capacity 9569K, committed 9648K, reserved 1048576K
}
Event: 27.094 GC heap before
{Heap before GC invocations=17 (full 3):
 PSYoungGen      total 327168K, used 325211K [0x000000076b380000, 0x0000000784c80000, 0x00000007c0000000)
  eden space 307200K, 100% used [0x000000076b380000,0x000000077df80000,0x000000077df80000)
  from space 19968K, 90% used [0x000000077df80000,0x000000077f116cf8,0x000000077f300000)
  to   space 21504K, 0% used [0x0000000783780000,0x0000000783780000,0x0000000784c80000)
 ParOldGen       total 240128K, used 29993K [0x00000006c1a00000, 0x00000006d0480000, 0x000000076b380000)
  object space 240128K, 12% used [0x00000006c1a00000,0x00000006c374a428,0x00000006d0480000)
 Metaspace       used 67433K, capacity 71354K, committed 71576K, reserved 1112064K
  class space    used 9191K, capacity 9877K, committed 9904K, reserved 1048576K
Event: 27.115 GC heap after
Heap after GC invocations=17 (full 3):
 PSYoungGen      total 393216K, used 21482K [0x000000076b380000, 0x0000000785300000, 0x00000007c0000000)
  eden space 371712K, 0% used [0x000000076b380000,0x000000076b380000,0x0000000781e80000)
  from space 21504K, 99% used [0x0000000783780000,0x0000000784c7a810,0x0000000784c80000)
  to   space 25600K, 0% used [0x0000000781e80000,0x0000000781e80000,0x0000000783780000)
 ParOldGen       total 240128K, used 32849K [0x00000006c1a00000, 0x00000006d0480000, 0x000000076b380000)
  object space 240128K, 13% used [0x00000006c1a00000,0x00000006c3a14770,0x00000006d0480000)
 Metaspace       used 67433K, capacity 71354K, committed 71576K, reserved 1112064K
  class space    used 9191K, capacity 9877K, committed 9904K, reserved 1048576K
}

